Detalles de la partida:
  Modo: NORMAL
  Numero de ronda: 1
  Duracion: 53
  Puntajes:
    BrainV2 5202129: 69
    BRENDY: 52
    BrainV2 350503: 6


Detalles de la partida:
  Modo: NORMAL
  Numero de ronda: 1
  Duracion: 10
  Puntajes:
    BRENDY: 9
    BrainV2 9672636: 1
    BrainV2 6282893: 1


Detalles de la partida:
  Modo: NORMAL
  Numero de ronda: 1
  Duracion: 12
  Puntajes:
    BRENDY: 20
    BrainV2 4581979: 3
    BrainV2 2884021: 3


Detalles de la partida:
  Modo: NORMAL
  Numero de ronda: 1
  Duracion: 14
  Puntajes:
    BRENDY: 13
    BrainV2 43456: 12
    BrainV2 8812322: 10


Detalles de la partida:
  Modo: NORMAL
  Numero de ronda: 1
  Duracion: 1001
  Puntajes:
    BrainV2 2752931: 1001
    BrainV2 5686064: 1001
    BRENDY: 9


Detalles de la partida:
  Modo: NORMAL
  Numero de ronda: 1
  Duracion: 22
  Puntajes:
    Grupo C: 32
    BrainV2 8132263: 8
    BrainV2 6639649: 8


Detalles de la partida:
  Modo: NORMAL
  Numero de ronda: 1
  Duracion: 1001
  Puntajes:
    BrainV2 7208846: 1952
    BrainV2 3404988: 1001
    Grupo C: 152


Detalles de la partida:
  Modo: NORMAL
  Numero de ronda: 1
  Duracion: 5
  Puntajes:
    BrainV2 3528523: 4
    BrainV2 9417873: 4
    Grupo C: 3


Detalles de la partida:
  Modo: NORMAL
  Numero de ronda: 1
  Duracion: 43
  Puntajes:
    Grupo C: 150
    BrainV2 9183319: 4
    BrainV2 286027: 4


Detalles de la partida:
  Modo: NORMAL
  Numero de ronda: 1
  Duracion: 13
  Puntajes:
    Grupo C: 18
    BrainV2 7688016: 9
    BrainV2 7442877: 9


Detalles de la partida:
  Modo: NORMAL
  Numero de ronda: 1
  Duracion: 19
  Puntajes:
    BrainV2 5988945: 18
    BrainV2 1202196: 18
    Grupo C: 1


Detalles de la partida:
  Modo: NORMAL
  Numero de ronda: 1
  Duracion: 18
  Puntajes:
    Grupo C: 35
    BrainV2 1265793: 11
    BrainV2 6329888: 11


Detalles de la partida:
  Modo: NORMAL
  Numero de ronda: 1
  Duracion: 5
  Puntajes:
    Grupo C: 4
    BrainV2 1651864: 3
    BrainV2 1073000: 3


Detalles de la partida:
  Modo: NORMAL
  Numero de ronda: 1
  Duracion: 48
  Puntajes:
    Grupo C: 136
    BrainV2 6956929: 75
    BrainV2 167145: 0


Detalles de la partida:
  Modo: NORMAL
  Numero de ronda: 1
  Duracion: 194
  Puntajes:
    Grupo C: 1921
    BrainV2 3305073: 344
    BrainV2 8344205: 119


Detalles de la partida:
  Modo: NORMAL
  Numero de ronda: 1
  Duracion: 12
  Puntajes:
    Grupo C: 11
    BrainV2 6536751: 11
    BrainV2 7324846: 1


Detalles de la partida:
  Modo: NORMAL
  Numero de ronda: 1
  Duracion: 9
  Puntajes:
    Grupo C: 8
    BrainV2 649573: 8
    BrainV2 4198900: 3


Detalles de la partida:
  Modo: NORMAL
  Numero de ronda: 1
  Duracion: 115
  Puntajes:
    Grupo C: 874
    BrainV2 7592968: 98
    BrainV2 3456380: 94


Detalles de la partida:
  Modo: NORMAL
  Numero de ronda: 1
  Duracion: 182
  Puntajes:
    Grupo C: 2120
    BrainV2 8615644: 144
    BrainV2 8526975: 0


Detalles de la partida:
  Modo: NORMAL
  Numero de ronda: 1
  Duracion: 68
  Puntajes:
    Grupo C: 299
    BrainV2 9141293: 11
    BrainV2 8602554: 11


Detalles de la partida:
  Modo: NORMAL
  Numero de ronda: 1
  Duracion: 278
  Puntajes:
    Grupo C: 4884
    BrainV2 5616432: 541
    BrainV2 9742196: 224


Detalles de la partida:
  Modo: NORMAL
  Numero de ronda: 1
  Duracion: 397
  Puntajes:
    Grupo C: 7403
    BrainV2 2572604: 335
    BrainV2 2457131: 229


Detalles de la partida:
  Modo: NORMAL
  Numero de ronda: 1
  Duracion: 66
  Puntajes:
    Grupo C: 232
    BrainV2 5136294: 65
    BrainV2 8494224: 4


Detalles de la partida:
  Modo: NORMAL
  Numero de ronda: 1
  Duracion: 14
  Puntajes:
    Grupo C: 19
    BrainV2 3065849: 12
    BrainV2 9426748: 12


Detalles de la partida:
  Modo: NORMAL
  Numero de ronda: 1
  Duracion: 331
  Puntajes:
    Grupo C: 5620
    BrainV2 2685449: 349
    BrainV2 8951422: 254


Detalles de la partida:
  Modo: NORMAL
  Numero de ronda: 1
  Duracion: 114
  Puntajes:
    Grupo C: 1097
    BrainV2 5956424: 99
    BrainV2 2539307: 95


Detalles de la partida:
  Modo: NORMAL
  Numero de ronda: 1
  Duracion: 161
  Puntajes:
    Grupo C: 1709
    BrainV2 3566303: 338
    BrainV2 3624567: 170


Detalles de la partida:
  Modo: NORMAL
  Numero de ronda: 1
  Duracion: 77
  Puntajes:
    Grupo C: 213
    BrainV2 3764309: 13
    BrainV2 7828851: 13


Detalles de la partida:
  Modo: NORMAL
  Numero de ronda: 1
  Duracion: 77
  Puntajes:
    Grupo C: 335
    BrainV2 9411633: 8
    BrainV2 3099437: 8


Detalles de la partida:
  Modo: NORMAL
  Numero de ronda: 1
  Duracion: 279
  Puntajes:
    Grupo C: 3890
    BrainV2 3311881: 297
    BrainV2 4260283: 131


Detalles de la partida:
  Modo: NORMAL
  Numero de ronda: 1
  Duracion: 242
  Puntajes:
    Grupo C: 2973
    BrainV2 2094270: 563
    BrainV2 8153063: 200


Detalles de la partida:
  Modo: NORMAL
  Numero de ronda: 1
  Duracion: 456
  Puntajes:
    Grupo C: 9702
    BrainV2 4846682: 1132
    BrainV2 6409225: 629


Detalles de la partida:
  Modo: NORMAL
  Numero de ronda: 1
  Duracion: 1001
  Puntajes:
    Grupo C: 6813
    BrainV2 9368226: 1980
    BrainV2 2412019: 1905


Detalles de la partida:
  Modo: NORMAL
  Numero de ronda: 2
  Duracion: 1001
  Puntajes:
    Grupo C: 13669
    BrainV2 9368226: 2981
    BrainV2 2412019: 2906


Detalles de la partida:
  Modo: NORMAL
  Numero de ronda: 1
  Duracion: 100
  Puntajes:
    mateYPanDulce: 521
    BrainV3 7847218: 63
    BrainV3 2870508: 42


Detalles de la partida:
  Modo: NORMAL
  Numero de ronda: 2
  Duracion: 214
  Puntajes:
    BrainV3 2870508: 2448
    BrainV3 7847218: 824
    mateYPanDulce: 525


Detalles de la partida:
  Modo: NORMAL
  Numero de ronda: 1
  Duracion: 339
  Puntajes:
    BrainV3 7713986: 6429
    Grupo C: 339
    BrainV3 3027737: 191


Detalles de la partida:
  Modo: BATTLE_ROYALE
  Numero de ronda: 1
  Duracion: 387
  Puntajes:
    Grupo C: 3539
    BrainV3 155929: 486
    BrainV3 6345970: 101


Detalles de la partida:
  Modo: BATTLE_ROYALE
  Numero de ronda: 1
  Duracion: 324
  Puntajes:
    Grupo C: 2083
    BrainV3 7284383: 1507
    BrainV3 7592246: 91


Detalles de la partida:
  Modo: NORMAL
  Numero de ronda: 1
  Duracion: 242
  Puntajes:
    Grupo C: 3054
    BrainV2 1450191: 214
    BrainV2 8535609: 112


Detalles de la partida:
  Modo: NORMAL
  Numero de ronda: 1
  Duracion: 1001
  Puntajes:
    BrainV2 3037598: 2883
    Grupo C: 2092
    BrainV2 568450: 1001


Detalles de la partida:
  Modo: NORMAL
  Numero de ronda: 2
  Duracion: 1001
  Puntajes:
    BrainV2 3037598: 3884
    BrainV2 568450: 2964
    Grupo C: 2743


Detalles de la partida:
  Modo: NORMAL
  Numero de ronda: 3
  Duracion: 1001
  Puntajes:
    Grupo C: 8619
    BrainV2 3037598: 6390
    BrainV2 568450: 3024


Detalles de la partida:
  Modo: NORMAL
  Numero de ronda: 4
  Duracion: 1001
  Puntajes:
    Grupo C: 10506
    BrainV2 3037598: 6650
    BrainV2 568450: 6326


Detalles de la partida:
  Modo: NORMAL
  Numero de ronda: 5
  Duracion: 1001
  Puntajes:
    Grupo C: 10730
    BrainV2 3037598: 8610
    BrainV2 568450: 7327


Detalles de la partida:
  Modo: NORMAL
  Numero de ronda: 1
  Duracion: 377
  Puntajes:
    Grupo C: 6624
    BrainV2 4916189: 744
    BrainV2 1134064: 242


Detalles de la partida:
  Modo: NORMAL
  Numero de ronda: 1
  Duracion: 17
  Puntajes:
    BrainV2 9806026: 16
    BrainV2 1340738: 16
    Grupo C: 13


Detalles de la partida:
  Modo: NORMAL
  Numero de ronda: 1
  Duracion: 35
  Puntajes:
    Grupo C: 100
    BrainV2 2661165: 7
    BrainV2 593441: 7


Detalles de la partida:
  Modo: NORMAL
  Numero de ronda: 1
  Duracion: 6
  Puntajes:
    Grupo C: 8
    BrainV2 2944374: 4
    BrainV2 8471372: 4


Detalles de la partida:
  Modo: NORMAL
  Numero de ronda: 1
  Duracion: 17
  Puntajes:
    Grupo C: 21
    BrainV2 3155400: 7
    BrainV2 4023914: 7


Detalles de la partida:
  Modo: NORMAL
  Numero de ronda: 1
  Duracion: 17
  Puntajes:
    Grupo C: 17
    BrainV2 4993456: 16
    BrainV2 1421112: 8


Detalles de la partida:
  Modo: NORMAL
  Numero de ronda: 1
  Duracion: 18
  Puntajes:
    Grupo C: 25
    BrainV2 3187355: 1
    BrainV2 876341: 1


Detalles de la partida:
  Modo: NORMAL
  Numero de ronda: 1
  Duracion: 12
  Puntajes:
    Grupo C: 17
    BrainV2 2039187: 7
    BrainV2 4874000: 7


Detalles de la partida:
  Modo: NORMAL
  Numero de ronda: 1
  Duracion: 8
  Puntajes:
    Grupo C: 8
    BrainV2 7074874: 5
    BrainV2 9273632: 5


Detalles de la partida:
  Modo: NORMAL
  Numero de ronda: 1
  Duracion: 1001
  Puntajes:
    Grupo C: 18158
    BrainV2 9972002: 106
    BrainV2 9826087: 43


Detalles de la partida:
  Modo: NORMAL
  Numero de ronda: 1
  Duracion: 269
  Puntajes:
    Grupo C: 3620
    BrainV2 836351: 364
    BrainV2 892260: 71


Detalles de la partida:
  Modo: NORMAL
  Numero de ronda: 1
  Duracion: 149
  Puntajes:
    Grupo C: 989
    BrainV2 1586904: 284
    BrainV2 7268667: 122


Detalles de la partida:
  Modo: NORMAL
  Numero de ronda: 1
  Duracion: 158
  Puntajes:
    Grupo C: 1242
    BrainV2 9280443: 14
    BrainV2 2464471: 14


Detalles de la partida:
  Modo: NORMAL
  Numero de ronda: 1
  Duracion: 415
  Puntajes:
    Grupo C: 7919
    BrainV2 5840438: 8
    BrainV2 828159: 8


Detalles de la partida:
  Modo: NORMAL
  Numero de ronda: 1
  Duracion: 41
  Puntajes:
    Grupo C: 40
    BrainV2 8544345: 40
    BrainV2 5961119: 33


Detalles de la partida:
  Modo: NORMAL
  Numero de ronda: 1
  Duracion: 149
  Puntajes:
    Grupo C: 490
    BrainV2 211927: 167
    BrainV2 6258542: 148


Detalles de la partida:
  Modo: NORMAL
  Numero de ronda: 1
  Duracion: 12
  Puntajes:
    Grupo C: 11
    BrainV2 7483237: 11
    BrainV2 5229595: 4


Detalles de la partida:
  Modo: NORMAL
  Numero de ronda: 1
  Duracion: 43
  Puntajes:
    Grupo C: 119
    BrainV2 1012: 13
    BrainV2 6388779: 13


Detalles de la partida:
  Modo: NORMAL
  Numero de ronda: 1
  Duracion: 245
  Puntajes:
    Grupo C: 3264
    BrainV2 9586957: 303
    BrainV2 2365500: 212


Detalles de la partida:
  Modo: NORMAL
  Numero de ronda: 1
  Duracion: 262
  Puntajes:
    Grupo C: 3160
    BrainV2 309876: 352
    BrainV2 3871245: 290


Detalles de la partida:
  Modo: NORMAL
  Numero de ronda: 1
  Duracion: 411
  Puntajes:
    Grupo C: 8214
    BrainV2 4740332: 382
    BrainV2 1633764: 35


Detalles de la partida:
  Modo: NORMAL
  Numero de ronda: 1
  Duracion: 423
  Puntajes:
    Grupo C: 8167
    BrainV2 2289582: 724
    BrainV2 8610275: 154


